===CI_GATES_START===
COMPILE_CHECK_PASS
SYNTAX_GUARD_START
SYNTAX_GUARD_SUMMARY|status=PASS|hits=0|files_scanned=138
SYNTAX_GUARD_END
PS_PARSE_START
PS_PARSE_SUMMARY|status=PASS|errors=0
PS_PARSE_END
SYNTAX_GUARD_START
SYNTAX_GUARD_SUMMARY|status=PASS|hits=0|files_scanned=138
SYNTAX_GUARD_END
UI_PREFLIGHT_START
UI_PREFLIGHT_SUMMARY|status=PASS|reason=ok|python=/opt/hostedtoolcache/Python/3.11.14/x64/bin/python3
UI_PREFLIGHT_END
verify_pr36_gate PASS
IMPORT_CONTRACT_START
IMPORT_CONTRACT_SUMMARY status=PASS module=tools.verify_pr40_gate exc=none
IMPORT_CONTRACT_TRACEBACK path=n/a
IMPORT_CONTRACT_END
verify_pr40_gate PASS
===CI_GATES_END===
